{"C:\\Users\\lance\\OneDrive\\Documents\\rc-mgmt\\devops-pt2\\DEVOPS-Project-Part1a\\index.js": {"path":"C:\\Users\\lance\\OneDrive\\Documents\\rc-mgmt\\devops-pt2\\DEVOPS-Project-Part1a\\index.js","statementMap":{"0":{"start":{"line":2,"column":14},"end":{"line":2,"column":32}},"1":{"start":{"line":3,"column":17},"end":{"line":3,"column":39}},"2":{"start":{"line":4,"column":11},"end":{"line":4,"column":26}},"3":{"start":{"line":5,"column":10},"end":{"line":5,"column":19}},"4":{"start":{"line":6,"column":13},"end":{"line":6,"column":37}},"5":{"start":{"line":7,"column":0},"end":{"line":7,"column":15}},"6":{"start":{"line":9,"column":0},"end":{"line":9,"column":51}},"7":{"start":{"line":10,"column":0},"end":{"line":10,"column":27}},"8":{"start":{"line":14,"column":0},"end":{"line":14,"column":36}},"9":{"start":{"line":17,"column":16},"end":{"line":17,"column":28}},"10":{"start":{"line":18,"column":0},"end":{"line":20,"column":2}},"11":{"start":{"line":19,"column":4},"end":{"line":19,"column":53}},"12":{"start":{"line":23,"column":0},"end":{"line":25,"column":2}},"13":{"start":{"line":24,"column":4},"end":{"line":24,"column":59}},"14":{"start":{"line":26,"column":0},"end":{"line":28,"column":2}},"15":{"start":{"line":27,"column":4},"end":{"line":27,"column":52}},"16":{"start":{"line":32,"column":23},"end":{"line":32,"column":57}},"17":{"start":{"line":33,"column":23},"end":{"line":33,"column":68}},"18":{"start":{"line":34,"column":26},"end":{"line":34,"column":59}},"19":{"start":{"line":35,"column":26},"end":{"line":35,"column":65}},"20":{"start":{"line":42,"column":0},"end":{"line":42,"column":37}},"21":{"start":{"line":44,"column":0},"end":{"line":44,"column":37}},"22":{"start":{"line":46,"column":0},"end":{"line":46,"column":41}},"23":{"start":{"line":48,"column":0},"end":{"line":48,"column":44}},"24":{"start":{"line":52,"column":23},"end":{"line":52,"column":59}},"25":{"start":{"line":53,"column":22},"end":{"line":53,"column":56}},"26":{"start":{"line":54,"column":25},"end":{"line":54,"column":63}},"27":{"start":{"line":55,"column":25},"end":{"line":55,"column":63}},"28":{"start":{"line":58,"column":0},"end":{"line":58,"column":32}},"29":{"start":{"line":61,"column":0},"end":{"line":61,"column":35}},"30":{"start":{"line":64,"column":0},"end":{"line":64,"column":40}},"31":{"start":{"line":68,"column":0},"end":{"line":68,"column":42}},"32":{"start":{"line":73,"column":15},"end":{"line":77,"column":2}},"33":{"start":{"line":74,"column":20},"end":{"line":74,"column":36}},"34":{"start":{"line":75,"column":20},"end":{"line":75,"column":54}},"35":{"start":{"line":76,"column":4},"end":{"line":76,"column":43}},"36":{"start":{"line":80,"column":0},"end":{"line":80,"column":33}}},"fnMap":{"0":{"name":"(anonymous_0)","decl":{"start":{"line":18,"column":13},"end":{"line":18,"column":14}},"loc":{"start":{"line":18,"column":27},"end":{"line":20,"column":1}},"line":18},"1":{"name":"(anonymous_1)","decl":{"start":{"line":23,"column":21},"end":{"line":23,"column":22}},"loc":{"start":{"line":23,"column":35},"end":{"line":25,"column":1}},"line":23},"2":{"name":"(anonymous_2)","decl":{"start":{"line":26,"column":20},"end":{"line":26,"column":21}},"loc":{"start":{"line":26,"column":34},"end":{"line":28,"column":1}},"line":26},"3":{"name":"(anonymous_3)","decl":{"start":{"line":73,"column":32},"end":{"line":73,"column":33}},"loc":{"start":{"line":73,"column":44},"end":{"line":77,"column":1}},"line":73}},"branchMap":{"0":{"loc":{"start":{"line":6,"column":13},"end":{"line":6,"column":37}},"type":"binary-expr","locations":[{"start":{"line":6,"column":13},"end":{"line":6,"column":29}},{"start":{"line":6,"column":33},"end":{"line":6,"column":37}}],"line":6}},"s":{"0":1,"1":1,"2":1,"3":1,"4":1,"5":1,"6":1,"7":1,"8":1,"9":1,"10":1,"11":0,"12":1,"13":0,"14":1,"15":0,"16":1,"17":1,"18":1,"19":1,"20":1,"21":1,"22":1,"23":1,"24":1,"25":1,"26":1,"27":1,"28":1,"29":1,"30":1,"31":1,"32":1,"33":1,"34":1,"35":1,"36":1},"f":{"0":0,"1":0,"2":0,"3":1},"b":{"0":[1,1]},"_coverageSchema":"1a1c01bbd47fc00a2c39e90264f33305004495a9","hash":"ccd29a63ee2264ae6ec694b6abd89be314bc940b"}
,"C:\\Users\\lance\\OneDrive\\Documents\\rc-mgmt\\devops-pt2\\DEVOPS-Project-Part1a\\models\\Course.js": {"path":"C:\\Users\\lance\\OneDrive\\Documents\\rc-mgmt\\devops-pt2\\DEVOPS-Project-Part1a\\models\\Course.js","statementMap":{"0":{"start":{"line":3,"column":8},"end":{"line":3,"column":48}},"1":{"start":{"line":4,"column":8},"end":{"line":4,"column":52}},"2":{"start":{"line":5,"column":8},"end":{"line":5,"column":52}},"3":{"start":{"line":8,"column":0},"end":{"line":8,"column":28}}},"fnMap":{"0":{"name":"(anonymous_0)","decl":{"start":{"line":2,"column":4},"end":{"line":2,"column":5}},"loc":{"start":{"line":2,"column":50},"end":{"line":6,"column":5}},"line":2}},"branchMap":{"0":{"loc":{"start":{"line":5,"column":27},"end":{"line":5,"column":43}},"type":"binary-expr","locations":[{"start":{"line":5,"column":27},"end":{"line":5,"column":37}},{"start":{"line":5,"column":41},"end":{"line":5,"column":43}}],"line":5}},"s":{"0":0,"1":0,"2":0,"3":1},"f":{"0":0},"b":{"0":[0,0]},"_coverageSchema":"1a1c01bbd47fc00a2c39e90264f33305004495a9","hash":"8edec9cb147eb5816d2418a881212f63a3a5c618"}
,"C:\\Users\\lance\\OneDrive\\Documents\\rc-mgmt\\devops-pt2\\DEVOPS-Project-Part1a\\models\\student.js": {"path":"C:\\Users\\lance\\OneDrive\\Documents\\rc-mgmt\\devops-pt2\\DEVOPS-Project-Part1a\\models\\student.js","statementMap":{"0":{"start":{"line":3,"column":8},"end":{"line":3,"column":25}},"1":{"start":{"line":4,"column":8},"end":{"line":4,"column":55}},"2":{"start":{"line":5,"column":8},"end":{"line":5,"column":33}},"3":{"start":{"line":6,"column":8},"end":{"line":6,"column":41}},"4":{"start":{"line":7,"column":8},"end":{"line":7,"column":39}},"5":{"start":{"line":8,"column":8},"end":{"line":8,"column":27}},"6":{"start":{"line":9,"column":8},"end":{"line":9,"column":25}},"7":{"start":{"line":10,"column":8},"end":{"line":10,"column":35}},"8":{"start":{"line":11,"column":8},"end":{"line":11,"column":33}},"9":{"start":{"line":12,"column":26},"end":{"line":12,"column":46}},"10":{"start":{"line":13,"column":23},"end":{"line":13,"column":55}},"11":{"start":{"line":14,"column":8},"end":{"line":14,"column":70}},"12":{"start":{"line":17,"column":0},"end":{"line":17,"column":29}}},"fnMap":{"0":{"name":"(anonymous_0)","decl":{"start":{"line":2,"column":4},"end":{"line":2,"column":5}},"loc":{"start":{"line":2,"column":105},"end":{"line":15,"column":5}},"line":2}},"branchMap":{},"s":{"0":3,"1":3,"2":3,"3":3,"4":3,"5":3,"6":3,"7":3,"8":3,"9":3,"10":3,"11":3,"12":1},"f":{"0":3},"b":{},"_coverageSchema":"1a1c01bbd47fc00a2c39e90264f33305004495a9","hash":"f2e9d34ff6f685e792db70c9cf2cdd45378ee7ea"}
,"C:\\Users\\lance\\OneDrive\\Documents\\rc-mgmt\\devops-pt2\\DEVOPS-Project-Part1a\\utils\\BingHongUtil.js": {"path":"C:\\Users\\lance\\OneDrive\\Documents\\rc-mgmt\\devops-pt2\\DEVOPS-Project-Part1a\\utils\\BingHongUtil.js","statementMap":{"0":{"start":{"line":2,"column":11},"end":{"line":2,"column":33}},"1":{"start":{"line":4,"column":19},"end":{"line":4,"column":46}},"2":{"start":{"line":7,"column":16},"end":{"line":7,"column":43}},"3":{"start":{"line":9,"column":22},"end":{"line":9,"column":58}},"4":{"start":{"line":13,"column":4},"end":{"line":85,"column":5}},"5":{"start":{"line":15,"column":61},"end":{"line":15,"column":75}},"6":{"start":{"line":18,"column":8},"end":{"line":23,"column":9}},"7":{"start":{"line":19,"column":12},"end":{"line":22,"column":15}},"8":{"start":{"line":26,"column":26},"end":{"line":26,"column":78}},"9":{"start":{"line":29,"column":22},"end":{"line":29,"column":24}},"10":{"start":{"line":30,"column":8},"end":{"line":52,"column":9}},"11":{"start":{"line":32,"column":25},"end":{"line":32,"column":59}},"12":{"start":{"line":34,"column":12},"end":{"line":34,"column":58}},"13":{"start":{"line":37,"column":12},"end":{"line":51,"column":13}},"14":{"start":{"line":38,"column":16},"end":{"line":45,"column":17}},"15":{"start":{"line":40,"column":41},"end":{"line":40,"column":81}},"16":{"start":{"line":41,"column":20},"end":{"line":41,"column":82}},"17":{"start":{"line":44,"column":20},"end":{"line":44,"column":33}},"18":{"start":{"line":47,"column":16},"end":{"line":47,"column":86}},"19":{"start":{"line":50,"column":16},"end":{"line":50,"column":26}},"20":{"start":{"line":55,"column":23},"end":{"line":57,"column":9}},"21":{"start":{"line":56,"column":19},"end":{"line":56,"column":82}},"22":{"start":{"line":58,"column":8},"end":{"line":64,"column":9}},"23":{"start":{"line":60,"column":12},"end":{"line":63,"column":15}},"24":{"start":{"line":67,"column":8},"end":{"line":67,"column":32}},"25":{"start":{"line":69,"column":8},"end":{"line":69,"column":78}},"26":{"start":{"line":72,"column":8},"end":{"line":76,"column":11}},"27":{"start":{"line":79,"column":8},"end":{"line":79,"column":29}},"28":{"start":{"line":81,"column":8},"end":{"line":84,"column":11}},"29":{"start":{"line":89,"column":0},"end":{"line":89,"column":31}}},"fnMap":{"0":{"name":"addCourse","decl":{"start":{"line":12,"column":15},"end":{"line":12,"column":24}},"loc":{"start":{"line":12,"column":35},"end":{"line":86,"column":1}},"line":12},"1":{"name":"(anonymous_1)","decl":{"start":{"line":56,"column":12},"end":{"line":56,"column":13}},"loc":{"start":{"line":56,"column":19},"end":{"line":56,"column":82}},"line":56}},"branchMap":{"0":{"loc":{"start":{"line":15,"column":61},"end":{"line":15,"column":75}},"type":"binary-expr","locations":[{"start":{"line":15,"column":61},"end":{"line":15,"column":69}},{"start":{"line":15,"column":73},"end":{"line":15,"column":75}}],"line":15},"1":{"loc":{"start":{"line":18,"column":8},"end":{"line":23,"column":9}},"type":"if","locations":[{"start":{"line":18,"column":8},"end":{"line":23,"column":9}},{"start":{},"end":{}}],"line":18},"2":{"loc":{"start":{"line":18,"column":12},"end":{"line":18,"column":47}},"type":"binary-expr","locations":[{"start":{"line":18,"column":12},"end":{"line":18,"column":21}},{"start":{"line":18,"column":25},"end":{"line":18,"column":36}},{"start":{"line":18,"column":40},"end":{"line":18,"column":47}}],"line":18},"3":{"loc":{"start":{"line":34,"column":22},"end":{"line":34,"column":57}},"type":"cond-expr","locations":[{"start":{"line":34,"column":36},"end":{"line":34,"column":52}},{"start":{"line":34,"column":55},"end":{"line":34,"column":57}}],"line":34},"4":{"loc":{"start":{"line":37,"column":12},"end":{"line":51,"column":13}},"type":"if","locations":[{"start":{"line":37,"column":12},"end":{"line":51,"column":13}},{"start":{"line":48,"column":19},"end":{"line":51,"column":13}}],"line":37},"5":{"loc":{"start":{"line":41,"column":30},"end":{"line":41,"column":81}},"type":"cond-expr","locations":[{"start":{"line":41,"column":52},"end":{"line":41,"column":76}},{"start":{"line":41,"column":79},"end":{"line":41,"column":81}}],"line":41},"6":{"loc":{"start":{"line":58,"column":8},"end":{"line":64,"column":9}},"type":"if","locations":[{"start":{"line":58,"column":8},"end":{"line":64,"column":9}},{"start":{},"end":{}}],"line":58},"7":{"loc":{"start":{"line":83,"column":21},"end":{"line":83,"column":52}},"type":"binary-expr","locations":[{"start":{"line":83,"column":21},"end":{"line":83,"column":34}},{"start":{"line":83,"column":38},"end":{"line":83,"column":52}}],"line":83}},"s":{"0":1,"1":1,"2":1,"3":1,"4":0,"5":0,"6":0,"7":0,"8":0,"9":0,"10":0,"11":0,"12":0,"13":0,"14":0,"15":0,"16":0,"17":0,"18":0,"19":0,"20":0,"21":0,"22":0,"23":0,"24":0,"25":0,"26":0,"27":0,"28":0,"29":1},"f":{"0":0,"1":0},"b":{"0":[0,0],"1":[0,0],"2":[0,0,0],"3":[0,0],"4":[0,0],"5":[0,0],"6":[0,0],"7":[0,0]},"_coverageSchema":"1a1c01bbd47fc00a2c39e90264f33305004495a9","hash":"05ebbbc8130e14910ae05fc9346320048b4b4e95"}
,"C:\\Users\\lance\\OneDrive\\Documents\\rc-mgmt\\devops-pt2\\DEVOPS-Project-Part1a\\utils\\LanceGohUtil.js": {"path":"C:\\Users\\lance\\OneDrive\\Documents\\rc-mgmt\\devops-pt2\\DEVOPS-Project-Part1a\\utils\\LanceGohUtil.js","statementMap":{"0":{"start":{"line":1,"column":20},"end":{"line":1,"column":48}},"1":{"start":{"line":2,"column":11},"end":{"line":2,"column":33}},"2":{"start":{"line":3,"column":13},"end":{"line":3,"column":28}},"3":{"start":{"line":4,"column":23},"end":{"line":4,"column":64}},"4":{"start":{"line":5,"column":22},"end":{"line":5,"column":66}},"5":{"start":{"line":8,"column":4},"end":{"line":49,"column":5}},"6":{"start":{"line":9,"column":107},"end":{"line":9,"column":115}},"7":{"start":{"line":12,"column":8},"end":{"line":14,"column":9}},"8":{"start":{"line":13,"column":12},"end":{"line":13,"column":100}},"9":{"start":{"line":17,"column":8},"end":{"line":19,"column":9}},"10":{"start":{"line":18,"column":12},"end":{"line":18,"column":105}},"11":{"start":{"line":21,"column":27},"end":{"line":21,"column":126}},"12":{"start":{"line":22,"column":24},"end":{"line":22,"column":26}},"13":{"start":{"line":24,"column":8},"end":{"line":35,"column":9}},"14":{"start":{"line":25,"column":25},"end":{"line":25,"column":66}},"15":{"start":{"line":26,"column":12},"end":{"line":26,"column":41}},"16":{"start":{"line":28,"column":12},"end":{"line":34,"column":13}},"17":{"start":{"line":29,"column":37},"end":{"line":29,"column":77}},"18":{"start":{"line":30,"column":16},"end":{"line":30,"column":53}},"19":{"start":{"line":31,"column":16},"end":{"line":31,"column":95}},"20":{"start":{"line":33,"column":16},"end":{"line":33,"column":26}},"21":{"start":{"line":38,"column":23},"end":{"line":38,"column":89}},"22":{"start":{"line":38,"column":43},"end":{"line":38,"column":88}},"23":{"start":{"line":39,"column":8},"end":{"line":41,"column":9}},"24":{"start":{"line":40,"column":12},"end":{"line":40,"column":111}},"25":{"start":{"line":43,"column":8},"end":{"line":43,"column":35}},"26":{"start":{"line":44,"column":8},"end":{"line":44,"column":87}},"27":{"start":{"line":45,"column":8},"end":{"line":45,"column":48}},"28":{"start":{"line":48,"column":8},"end":{"line":48,"column":64}},"29":{"start":{"line":52,"column":0},"end":{"line":52,"column":32}}},"fnMap":{"0":{"name":"addStudent","decl":{"start":{"line":7,"column":15},"end":{"line":7,"column":25}},"loc":{"start":{"line":7,"column":36},"end":{"line":50,"column":1}},"line":7},"1":{"name":"(anonymous_1)","decl":{"start":{"line":38,"column":38},"end":{"line":38,"column":39}},"loc":{"start":{"line":38,"column":43},"end":{"line":38,"column":88}},"line":38}},"branchMap":{"0":{"loc":{"start":{"line":12,"column":8},"end":{"line":14,"column":9}},"type":"if","locations":[{"start":{"line":12,"column":8},"end":{"line":14,"column":9}},{"start":{},"end":{}}],"line":12},"1":{"loc":{"start":{"line":12,"column":12},"end":{"line":12,"column":73}},"type":"binary-expr","locations":[{"start":{"line":12,"column":12},"end":{"line":12,"column":17}},{"start":{"line":12,"column":21},"end":{"line":12,"column":41}},{"start":{"line":12,"column":45},"end":{"line":12,"column":51}},{"start":{"line":12,"column":55},"end":{"line":12,"column":64}},{"start":{"line":12,"column":68},"end":{"line":12,"column":73}}],"line":12},"2":{"loc":{"start":{"line":17,"column":8},"end":{"line":19,"column":9}},"type":"if","locations":[{"start":{"line":17,"column":8},"end":{"line":19,"column":9}},{"start":{},"end":{}}],"line":17},"3":{"loc":{"start":{"line":17,"column":12},"end":{"line":17,"column":32}},"type":"binary-expr","locations":[{"start":{"line":17,"column":12},"end":{"line":17,"column":20}},{"start":{"line":17,"column":24},"end":{"line":17,"column":32}}],"line":17},"4":{"loc":{"start":{"line":28,"column":12},"end":{"line":34,"column":13}},"type":"if","locations":[{"start":{"line":28,"column":12},"end":{"line":34,"column":13}},{"start":{"line":32,"column":19},"end":{"line":34,"column":13}}],"line":28},"5":{"loc":{"start":{"line":39,"column":8},"end":{"line":41,"column":9}},"type":"if","locations":[{"start":{"line":39,"column":8},"end":{"line":41,"column":9}},{"start":{},"end":{}}],"line":39}},"s":{"0":1,"1":1,"2":1,"3":1,"4":1,"5":5,"6":5,"7":5,"8":1,"9":4,"10":1,"11":3,"12":3,"13":3,"14":3,"15":2,"16":1,"17":1,"18":1,"19":1,"20":0,"21":3,"22":8,"23":3,"24":1,"25":2,"26":2,"27":2,"28":0,"29":1},"f":{"0":5,"1":8},"b":{"0":[1,4],"1":[5,5,4,4,4],"2":[1,3],"3":[4,4],"4":[1,0],"5":[1,2]},"_coverageSchema":"1a1c01bbd47fc00a2c39e90264f33305004495a9","hash":"058ee92e35500005c5bec1a5bdc764d74d726b9d"}
,"C:\\Users\\lance\\OneDrive\\Documents\\rc-mgmt\\devops-pt2\\DEVOPS-Project-Part1a\\utils\\Muthiah--GetStudentUtil.js": {"path":"C:\\Users\\lance\\OneDrive\\Documents\\rc-mgmt\\devops-pt2\\DEVOPS-Project-Part1a\\utils\\Muthiah--GetStudentUtil.js","statementMap":{"0":{"start":{"line":1,"column":11},"end":{"line":1,"column":33}},"1":{"start":{"line":2,"column":13},"end":{"line":2,"column":28}},"2":{"start":{"line":4,"column":23},"end":{"line":4,"column":64}},"3":{"start":{"line":5,"column":22},"end":{"line":5,"column":66}},"4":{"start":{"line":6,"column":29},"end":{"line":6,"column":62}},"5":{"start":{"line":7,"column":29},"end":{"line":7,"column":71}},"6":{"start":{"line":10,"column":4},"end":{"line":52,"column":5}},"7":{"start":{"line":11,"column":40},"end":{"line":11,"column":48}},"8":{"start":{"line":12,"column":8},"end":{"line":14,"column":9}},"9":{"start":{"line":13,"column":12},"end":{"line":13,"column":88}},"10":{"start":{"line":15,"column":22},"end":{"line":15,"column":24}},"11":{"start":{"line":16,"column":21},"end":{"line":16,"column":23}},"12":{"start":{"line":17,"column":8},"end":{"line":34,"column":9}},"13":{"start":{"line":18,"column":25},"end":{"line":18,"column":66}},"14":{"start":{"line":19,"column":31},"end":{"line":19,"column":78}},"15":{"start":{"line":20,"column":12},"end":{"line":20,"column":39}},"16":{"start":{"line":21,"column":12},"end":{"line":21,"column":44}},"17":{"start":{"line":23,"column":12},"end":{"line":33,"column":13}},"18":{"start":{"line":25,"column":37},"end":{"line":25,"column":77}},"19":{"start":{"line":26,"column":16},"end":{"line":26,"column":51}},"20":{"start":{"line":27,"column":16},"end":{"line":27,"column":93}},"21":{"start":{"line":29,"column":43},"end":{"line":29,"column":90}},"22":{"start":{"line":30,"column":16},"end":{"line":30,"column":56}},"23":{"start":{"line":32,"column":16},"end":{"line":32,"column":26}},"24":{"start":{"line":36,"column":31},"end":{"line":36,"column":107}},"25":{"start":{"line":36,"column":55},"end":{"line":36,"column":106}},"26":{"start":{"line":38,"column":30},"end":{"line":38,"column":96}},"27":{"start":{"line":38,"column":52},"end":{"line":38,"column":95}},"28":{"start":{"line":39,"column":8},"end":{"line":48,"column":9}},"29":{"start":{"line":40,"column":12},"end":{"line":40,"column":74}},"30":{"start":{"line":43,"column":12},"end":{"line":47,"column":14}},"31":{"start":{"line":50,"column":8},"end":{"line":50,"column":27}},"32":{"start":{"line":51,"column":8},"end":{"line":51,"column":62}},"33":{"start":{"line":54,"column":0},"end":{"line":54,"column":31}}},"fnMap":{"0":{"name":"getStudent","decl":{"start":{"line":9,"column":15},"end":{"line":9,"column":25}},"loc":{"start":{"line":9,"column":36},"end":{"line":53,"column":1}},"line":9},"1":{"name":"(anonymous_1)","decl":{"start":{"line":36,"column":44},"end":{"line":36,"column":45}},"loc":{"start":{"line":36,"column":55},"end":{"line":36,"column":106}},"line":36},"2":{"name":"(anonymous_2)","decl":{"start":{"line":38,"column":42},"end":{"line":38,"column":43}},"loc":{"start":{"line":38,"column":52},"end":{"line":38,"column":95}},"line":38}},"branchMap":{"0":{"loc":{"start":{"line":12,"column":8},"end":{"line":14,"column":9}},"type":"if","locations":[{"start":{"line":12,"column":8},"end":{"line":14,"column":9}},{"start":{},"end":{}}],"line":12},"1":{"loc":{"start":{"line":23,"column":12},"end":{"line":33,"column":13}},"type":"if","locations":[{"start":{"line":23,"column":12},"end":{"line":33,"column":13}},{"start":{"line":31,"column":19},"end":{"line":33,"column":13}}],"line":23},"2":{"loc":{"start":{"line":39,"column":8},"end":{"line":48,"column":9}},"type":"if","locations":[{"start":{"line":39,"column":8},"end":{"line":48,"column":9}},{"start":{"line":41,"column":15},"end":{"line":48,"column":9}}],"line":39}},"s":{"0":1,"1":1,"2":1,"3":1,"4":1,"5":1,"6":0,"7":0,"8":0,"9":0,"10":0,"11":0,"12":0,"13":0,"14":0,"15":0,"16":0,"17":0,"18":0,"19":0,"20":0,"21":0,"22":0,"23":0,"24":0,"25":0,"26":0,"27":0,"28":0,"29":0,"30":0,"31":0,"32":0,"33":1},"f":{"0":0,"1":0,"2":0},"b":{"0":[0,0],"1":[0,0],"2":[0,0]},"_coverageSchema":"1a1c01bbd47fc00a2c39e90264f33305004495a9","hash":"1a5158135ec8caa9ccb65c63a0e513c5781e5682"}
,"C:\\Users\\lance\\OneDrive\\Documents\\rc-mgmt\\devops-pt2\\DEVOPS-Project-Part1a\\utils\\MuthiahUtil.js": {"path":"C:\\Users\\lance\\OneDrive\\Documents\\rc-mgmt\\devops-pt2\\DEVOPS-Project-Part1a\\utils\\MuthiahUtil.js","statementMap":{"0":{"start":{"line":1,"column":11},"end":{"line":1,"column":33}},"1":{"start":{"line":2,"column":13},"end":{"line":2,"column":28}},"2":{"start":{"line":4,"column":23},"end":{"line":4,"column":64}},"3":{"start":{"line":5,"column":22},"end":{"line":5,"column":66}},"4":{"start":{"line":8,"column":4},"end":{"line":51,"column":5}},"5":{"start":{"line":9,"column":94},"end":{"line":9,"column":102}},"6":{"start":{"line":10,"column":8},"end":{"line":12,"column":9}},"7":{"start":{"line":11,"column":12},"end":{"line":11,"column":89}},"8":{"start":{"line":13,"column":23},"end":{"line":13,"column":25}},"9":{"start":{"line":14,"column":8},"end":{"line":26,"column":9}},"10":{"start":{"line":15,"column":25},"end":{"line":15,"column":66}},"11":{"start":{"line":16,"column":12},"end":{"line":16,"column":40}},"12":{"start":{"line":18,"column":12},"end":{"line":25,"column":13}},"13":{"start":{"line":20,"column":37},"end":{"line":20,"column":77}},"14":{"start":{"line":21,"column":16},"end":{"line":21,"column":52}},"15":{"start":{"line":22,"column":16},"end":{"line":22,"column":94}},"16":{"start":{"line":24,"column":16},"end":{"line":24,"column":26}},"17":{"start":{"line":28,"column":28},"end":{"line":28,"column":110}},"18":{"start":{"line":28,"column":58},"end":{"line":28,"column":109}},"19":{"start":{"line":29,"column":8},"end":{"line":31,"column":9}},"20":{"start":{"line":30,"column":12},"end":{"line":30,"column":73}},"21":{"start":{"line":34,"column":31},"end":{"line":41,"column":9}},"22":{"start":{"line":42,"column":8},"end":{"line":42,"column":47}},"23":{"start":{"line":43,"column":8},"end":{"line":43,"column":82}},"24":{"start":{"line":44,"column":8},"end":{"line":47,"column":11}},"25":{"start":{"line":49,"column":8},"end":{"line":49,"column":29}},"26":{"start":{"line":50,"column":8},"end":{"line":50,"column":62}},"27":{"start":{"line":54,"column":0},"end":{"line":54,"column":33}}},"fnMap":{"0":{"name":"updatestudent","decl":{"start":{"line":7,"column":15},"end":{"line":7,"column":28}},"loc":{"start":{"line":7,"column":39},"end":{"line":52,"column":1}},"line":7},"1":{"name":"(anonymous_1)","decl":{"start":{"line":28,"column":47},"end":{"line":28,"column":48}},"loc":{"start":{"line":28,"column":58},"end":{"line":28,"column":109}},"line":28}},"branchMap":{"0":{"loc":{"start":{"line":10,"column":8},"end":{"line":12,"column":9}},"type":"if","locations":[{"start":{"line":10,"column":8},"end":{"line":12,"column":9}},{"start":{},"end":{}}],"line":10},"1":{"loc":{"start":{"line":18,"column":12},"end":{"line":25,"column":13}},"type":"if","locations":[{"start":{"line":18,"column":12},"end":{"line":25,"column":13}},{"start":{"line":23,"column":19},"end":{"line":25,"column":13}}],"line":18},"2":{"loc":{"start":{"line":29,"column":8},"end":{"line":31,"column":9}},"type":"if","locations":[{"start":{"line":29,"column":8},"end":{"line":31,"column":9}},{"start":{},"end":{}}],"line":29},"3":{"loc":{"start":{"line":36,"column":16},"end":{"line":36,"column":30}},"type":"binary-expr","locations":[{"start":{"line":36,"column":16},"end":{"line":36,"column":20}},{"start":{"line":36,"column":24},"end":{"line":36,"column":30}}],"line":36},"4":{"loc":{"start":{"line":37,"column":16},"end":{"line":37,"column":40}},"type":"binary-expr","locations":[{"start":{"line":37,"column":16},"end":{"line":37,"column":25}},{"start":{"line":37,"column":29},"end":{"line":37,"column":40}}],"line":37},"5":{"loc":{"start":{"line":38,"column":16},"end":{"line":38,"column":44}},"type":"binary-expr","locations":[{"start":{"line":38,"column":16},"end":{"line":38,"column":27}},{"start":{"line":38,"column":31},"end":{"line":38,"column":44}}],"line":38},"6":{"loc":{"start":{"line":39,"column":16},"end":{"line":39,"column":38}},"type":"binary-expr","locations":[{"start":{"line":39,"column":16},"end":{"line":39,"column":24}},{"start":{"line":39,"column":28},"end":{"line":39,"column":38}}],"line":39},"7":{"loc":{"start":{"line":40,"column":16},"end":{"line":40,"column":46}},"type":"binary-expr","locations":[{"start":{"line":40,"column":16},"end":{"line":40,"column":28}},{"start":{"line":40,"column":32},"end":{"line":40,"column":46}}],"line":40}},"s":{"0":1,"1":1,"2":1,"3":1,"4":0,"5":0,"6":0,"7":0,"8":0,"9":0,"10":0,"11":0,"12":0,"13":0,"14":0,"15":0,"16":0,"17":0,"18":0,"19":0,"20":0,"21":0,"22":0,"23":0,"24":0,"25":0,"26":0,"27":1},"f":{"0":0,"1":0},"b":{"0":[0,0],"1":[0,0],"2":[0,0],"3":[0,0],"4":[0,0],"5":[0,0],"6":[0,0],"7":[0,0]},"_coverageSchema":"1a1c01bbd47fc00a2c39e90264f33305004495a9","hash":"70f23973fad4d922114dbdf14175ecf11a8ffe80"}
,"C:\\Users\\lance\\OneDrive\\Documents\\rc-mgmt\\devops-pt2\\DEVOPS-Project-Part1a\\utils\\deleteCourseUtil.js": {"path":"C:\\Users\\lance\\OneDrive\\Documents\\rc-mgmt\\devops-pt2\\DEVOPS-Project-Part1a\\utils\\deleteCourseUtil.js","statementMap":{"0":{"start":{"line":1,"column":11},"end":{"line":1,"column":33}},"1":{"start":{"line":2,"column":13},"end":{"line":2,"column":28}},"2":{"start":{"line":4,"column":16},"end":{"line":4,"column":49}},"3":{"start":{"line":5,"column":25},"end":{"line":5,"column":67}},"4":{"start":{"line":7,"column":4},"end":{"line":57,"column":5}},"5":{"start":{"line":8,"column":27},"end":{"line":8,"column":35}},"6":{"start":{"line":10,"column":8},"end":{"line":14,"column":9}},"7":{"start":{"line":11,"column":12},"end":{"line":13,"column":76}},"8":{"start":{"line":16,"column":22},"end":{"line":16,"column":24}},"9":{"start":{"line":17,"column":8},"end":{"line":32,"column":9}},"10":{"start":{"line":18,"column":25},"end":{"line":18,"column":59}},"11":{"start":{"line":19,"column":12},"end":{"line":19,"column":58}},"12":{"start":{"line":21,"column":12},"end":{"line":31,"column":13}},"13":{"start":{"line":22,"column":16},"end":{"line":27,"column":17}},"14":{"start":{"line":23,"column":41},"end":{"line":23,"column":75}},"15":{"start":{"line":24,"column":20},"end":{"line":24,"column":82}},"16":{"start":{"line":26,"column":20},"end":{"line":26,"column":33}},"17":{"start":{"line":28,"column":16},"end":{"line":28,"column":86}},"18":{"start":{"line":30,"column":16},"end":{"line":30,"column":26}},"19":{"start":{"line":34,"column":22},"end":{"line":36,"column":9}},"20":{"start":{"line":35,"column":19},"end":{"line":35,"column":42}},"21":{"start":{"line":38,"column":8},"end":{"line":42,"column":9}},"22":{"start":{"line":39,"column":12},"end":{"line":41,"column":71}},"23":{"start":{"line":44,"column":24},"end":{"line":44,"column":51}},"24":{"start":{"line":45,"column":8},"end":{"line":45,"column":78}},"25":{"start":{"line":47,"column":8},"end":{"line":51,"column":11}},"26":{"start":{"line":53,"column":8},"end":{"line":53,"column":29}},"27":{"start":{"line":54,"column":8},"end":{"line":56,"column":80}},"28":{"start":{"line":59,"column":0},"end":{"line":59,"column":31}}},"fnMap":{"0":{"name":"deleteCourse","decl":{"start":{"line":6,"column":15},"end":{"line":6,"column":27}},"loc":{"start":{"line":6,"column":38},"end":{"line":58,"column":1}},"line":6},"1":{"name":"(anonymous_1)","decl":{"start":{"line":35,"column":12},"end":{"line":35,"column":13}},"loc":{"start":{"line":35,"column":19},"end":{"line":35,"column":42}},"line":35}},"branchMap":{"0":{"loc":{"start":{"line":10,"column":8},"end":{"line":14,"column":9}},"type":"if","locations":[{"start":{"line":10,"column":8},"end":{"line":14,"column":9}},{"start":{},"end":{}}],"line":10},"1":{"loc":{"start":{"line":19,"column":22},"end":{"line":19,"column":57}},"type":"cond-expr","locations":[{"start":{"line":19,"column":36},"end":{"line":19,"column":52}},{"start":{"line":19,"column":55},"end":{"line":19,"column":57}}],"line":19},"2":{"loc":{"start":{"line":21,"column":12},"end":{"line":31,"column":13}},"type":"if","locations":[{"start":{"line":21,"column":12},"end":{"line":31,"column":13}},{"start":{"line":29,"column":19},"end":{"line":31,"column":13}}],"line":21},"3":{"loc":{"start":{"line":24,"column":30},"end":{"line":24,"column":81}},"type":"cond-expr","locations":[{"start":{"line":24,"column":52},"end":{"line":24,"column":76}},{"start":{"line":24,"column":79},"end":{"line":24,"column":81}}],"line":24},"4":{"loc":{"start":{"line":38,"column":8},"end":{"line":42,"column":9}},"type":"if","locations":[{"start":{"line":38,"column":8},"end":{"line":42,"column":9}},{"start":{},"end":{}}],"line":38},"5":{"loc":{"start":{"line":56,"column":45},"end":{"line":56,"column":76}},"type":"binary-expr","locations":[{"start":{"line":56,"column":45},"end":{"line":56,"column":58}},{"start":{"line":56,"column":62},"end":{"line":56,"column":76}}],"line":56}},"s":{"0":1,"1":1,"2":1,"3":1,"4":0,"5":0,"6":0,"7":0,"8":0,"9":0,"10":0,"11":0,"12":0,"13":0,"14":0,"15":0,"16":0,"17":0,"18":0,"19":0,"20":0,"21":0,"22":0,"23":0,"24":0,"25":0,"26":0,"27":0,"28":1},"f":{"0":0,"1":0},"b":{"0":[0,0],"1":[0,0],"2":[0,0],"3":[0,0],"4":[0,0],"5":[0,0]},"_coverageSchema":"1a1c01bbd47fc00a2c39e90264f33305004495a9","hash":"c8ebd5f8b9bcfdd7fbb18e1c9e019d19f04dd7c5"}
,"C:\\Users\\lance\\OneDrive\\Documents\\rc-mgmt\\devops-pt2\\DEVOPS-Project-Part1a\\utils\\deleteStudentUtil.js": {"path":"C:\\Users\\lance\\OneDrive\\Documents\\rc-mgmt\\devops-pt2\\DEVOPS-Project-Part1a\\utils\\deleteStudentUtil.js","statementMap":{"0":{"start":{"line":1,"column":11},"end":{"line":1,"column":33}},"1":{"start":{"line":2,"column":13},"end":{"line":2,"column":28}},"2":{"start":{"line":4,"column":23},"end":{"line":4,"column":64}},"3":{"start":{"line":5,"column":22},"end":{"line":5,"column":66}},"4":{"start":{"line":8,"column":4},"end":{"line":48,"column":5}},"5":{"start":{"line":9,"column":40},"end":{"line":9,"column":48}},"6":{"start":{"line":10,"column":8},"end":{"line":12,"column":9}},"7":{"start":{"line":11,"column":12},"end":{"line":11,"column":88}},"8":{"start":{"line":13,"column":22},"end":{"line":13,"column":24}},"9":{"start":{"line":15,"column":8},"end":{"line":27,"column":9}},"10":{"start":{"line":16,"column":25},"end":{"line":16,"column":66}},"11":{"start":{"line":17,"column":12},"end":{"line":17,"column":39}},"12":{"start":{"line":19,"column":12},"end":{"line":26,"column":13}},"13":{"start":{"line":21,"column":37},"end":{"line":21,"column":77}},"14":{"start":{"line":22,"column":16},"end":{"line":22,"column":51}},"15":{"start":{"line":23,"column":16},"end":{"line":23,"column":93}},"16":{"start":{"line":25,"column":16},"end":{"line":25,"column":26}},"17":{"start":{"line":29,"column":8},"end":{"line":43,"column":9}},"18":{"start":{"line":30,"column":34},"end":{"line":30,"column":112}},"19":{"start":{"line":30,"column":60},"end":{"line":30,"column":111}},"20":{"start":{"line":31,"column":12},"end":{"line":35,"column":13}},"21":{"start":{"line":36,"column":12},"end":{"line":39,"column":15}},"22":{"start":{"line":41,"column":12},"end":{"line":41,"column":31}},"23":{"start":{"line":42,"column":12},"end":{"line":42,"column":66}},"24":{"start":{"line":46,"column":8},"end":{"line":46,"column":27}},"25":{"start":{"line":47,"column":8},"end":{"line":47,"column":62}},"26":{"start":{"line":50,"column":0},"end":{"line":50,"column":34}}},"fnMap":{"0":{"name":"deleteStudent","decl":{"start":{"line":7,"column":15},"end":{"line":7,"column":28}},"loc":{"start":{"line":7,"column":39},"end":{"line":49,"column":1}},"line":7},"1":{"name":"(anonymous_1)","decl":{"start":{"line":30,"column":49},"end":{"line":30,"column":50}},"loc":{"start":{"line":30,"column":60},"end":{"line":30,"column":111}},"line":30}},"branchMap":{"0":{"loc":{"start":{"line":10,"column":8},"end":{"line":12,"column":9}},"type":"if","locations":[{"start":{"line":10,"column":8},"end":{"line":12,"column":9}},{"start":{},"end":{}}],"line":10},"1":{"loc":{"start":{"line":19,"column":12},"end":{"line":26,"column":13}},"type":"if","locations":[{"start":{"line":19,"column":12},"end":{"line":26,"column":13}},{"start":{"line":24,"column":19},"end":{"line":26,"column":13}}],"line":19}},"s":{"0":1,"1":1,"2":1,"3":1,"4":0,"5":0,"6":0,"7":0,"8":0,"9":0,"10":0,"11":0,"12":0,"13":0,"14":0,"15":0,"16":0,"17":0,"18":0,"19":0,"20":0,"21":0,"22":0,"23":0,"24":0,"25":0,"26":1},"f":{"0":0,"1":0},"b":{"0":[0,0],"1":[0,0]},"_coverageSchema":"1a1c01bbd47fc00a2c39e90264f33305004495a9","hash":"a2b4407062c6fbe9ab8e5f889b70db230fcf28c7"}
,"C:\\Users\\lance\\OneDrive\\Documents\\rc-mgmt\\devops-pt2\\DEVOPS-Project-Part1a\\utils\\updateCourseUtil.js": {"path":"C:\\Users\\lance\\OneDrive\\Documents\\rc-mgmt\\devops-pt2\\DEVOPS-Project-Part1a\\utils\\updateCourseUtil.js","statementMap":{"0":{"start":{"line":1,"column":11},"end":{"line":1,"column":33}},"1":{"start":{"line":2,"column":13},"end":{"line":2,"column":28}},"2":{"start":{"line":4,"column":16},"end":{"line":4,"column":49}},"3":{"start":{"line":5,"column":22},"end":{"line":5,"column":64}},"4":{"start":{"line":7,"column":4},"end":{"line":67,"column":5}},"5":{"start":{"line":8,"column":61},"end":{"line":8,"column":69}},"6":{"start":{"line":10,"column":8},"end":{"line":14,"column":9}},"7":{"start":{"line":11,"column":12},"end":{"line":13,"column":76}},"8":{"start":{"line":16,"column":22},"end":{"line":16,"column":24}},"9":{"start":{"line":17,"column":8},"end":{"line":32,"column":9}},"10":{"start":{"line":18,"column":25},"end":{"line":18,"column":59}},"11":{"start":{"line":19,"column":12},"end":{"line":19,"column":58}},"12":{"start":{"line":21,"column":12},"end":{"line":31,"column":13}},"13":{"start":{"line":22,"column":16},"end":{"line":27,"column":17}},"14":{"start":{"line":23,"column":41},"end":{"line":23,"column":81}},"15":{"start":{"line":24,"column":20},"end":{"line":24,"column":82}},"16":{"start":{"line":26,"column":20},"end":{"line":26,"column":33}},"17":{"start":{"line":28,"column":16},"end":{"line":28,"column":86}},"18":{"start":{"line":30,"column":16},"end":{"line":30,"column":26}},"19":{"start":{"line":34,"column":22},"end":{"line":36,"column":9}},"20":{"start":{"line":35,"column":19},"end":{"line":35,"column":42}},"21":{"start":{"line":38,"column":8},"end":{"line":42,"column":9}},"22":{"start":{"line":39,"column":12},"end":{"line":41,"column":71}},"23":{"start":{"line":45,"column":8},"end":{"line":47,"column":9}},"24":{"start":{"line":46,"column":12},"end":{"line":46,"column":51}},"25":{"start":{"line":48,"column":8},"end":{"line":50,"column":9}},"26":{"start":{"line":49,"column":12},"end":{"line":49,"column":51}},"27":{"start":{"line":51,"column":8},"end":{"line":53,"column":9}},"28":{"start":{"line":52,"column":12},"end":{"line":52,"column":43}},"29":{"start":{"line":55,"column":8},"end":{"line":55,"column":78}},"30":{"start":{"line":57,"column":8},"end":{"line":61,"column":11}},"31":{"start":{"line":63,"column":8},"end":{"line":63,"column":29}},"32":{"start":{"line":64,"column":8},"end":{"line":66,"column":80}},"33":{"start":{"line":69,"column":0},"end":{"line":69,"column":32}}},"fnMap":{"0":{"name":"updateCourse","decl":{"start":{"line":6,"column":15},"end":{"line":6,"column":27}},"loc":{"start":{"line":6,"column":38},"end":{"line":68,"column":1}},"line":6},"1":{"name":"(anonymous_1)","decl":{"start":{"line":35,"column":12},"end":{"line":35,"column":13}},"loc":{"start":{"line":35,"column":19},"end":{"line":35,"column":42}},"line":35}},"branchMap":{"0":{"loc":{"start":{"line":10,"column":8},"end":{"line":14,"column":9}},"type":"if","locations":[{"start":{"line":10,"column":8},"end":{"line":14,"column":9}},{"start":{},"end":{}}],"line":10},"1":{"loc":{"start":{"line":19,"column":22},"end":{"line":19,"column":57}},"type":"cond-expr","locations":[{"start":{"line":19,"column":36},"end":{"line":19,"column":52}},{"start":{"line":19,"column":55},"end":{"line":19,"column":57}}],"line":19},"2":{"loc":{"start":{"line":21,"column":12},"end":{"line":31,"column":13}},"type":"if","locations":[{"start":{"line":21,"column":12},"end":{"line":31,"column":13}},{"start":{"line":29,"column":19},"end":{"line":31,"column":13}}],"line":21},"3":{"loc":{"start":{"line":24,"column":30},"end":{"line":24,"column":81}},"type":"cond-expr","locations":[{"start":{"line":24,"column":52},"end":{"line":24,"column":76}},{"start":{"line":24,"column":79},"end":{"line":24,"column":81}}],"line":24},"4":{"loc":{"start":{"line":38,"column":8},"end":{"line":42,"column":9}},"type":"if","locations":[{"start":{"line":38,"column":8},"end":{"line":42,"column":9}},{"start":{},"end":{}}],"line":38},"5":{"loc":{"start":{"line":45,"column":8},"end":{"line":47,"column":9}},"type":"if","locations":[{"start":{"line":45,"column":8},"end":{"line":47,"column":9}},{"start":{},"end":{}}],"line":45},"6":{"loc":{"start":{"line":48,"column":8},"end":{"line":50,"column":9}},"type":"if","locations":[{"start":{"line":48,"column":8},"end":{"line":50,"column":9}},{"start":{},"end":{}}],"line":48},"7":{"loc":{"start":{"line":51,"column":8},"end":{"line":53,"column":9}},"type":"if","locations":[{"start":{"line":51,"column":8},"end":{"line":53,"column":9}},{"start":{},"end":{}}],"line":51},"8":{"loc":{"start":{"line":66,"column":45},"end":{"line":66,"column":76}},"type":"binary-expr","locations":[{"start":{"line":66,"column":45},"end":{"line":66,"column":58}},{"start":{"line":66,"column":62},"end":{"line":66,"column":76}}],"line":66}},"s":{"0":1,"1":1,"2":1,"3":1,"4":0,"5":0,"6":0,"7":0,"8":0,"9":0,"10":0,"11":0,"12":0,"13":0,"14":0,"15":0,"16":0,"17":0,"18":0,"19":0,"20":0,"21":0,"22":0,"23":0,"24":0,"25":0,"26":0,"27":0,"28":0,"29":0,"30":0,"31":0,"32":0,"33":1},"f":{"0":0,"1":0},"b":{"0":[0,0],"1":[0,0],"2":[0,0],"3":[0,0],"4":[0,0],"5":[0,0],"6":[0,0],"7":[0,0],"8":[0,0]},"_coverageSchema":"1a1c01bbd47fc00a2c39e90264f33305004495a9","hash":"147247f05c76b32077550766be985eadd1cca8a6"}
,"C:\\Users\\lance\\OneDrive\\Documents\\rc-mgmt\\devops-pt2\\DEVOPS-Project-Part1a\\utils\\viewCourseUtil.js": {"path":"C:\\Users\\lance\\OneDrive\\Documents\\rc-mgmt\\devops-pt2\\DEVOPS-Project-Part1a\\utils\\viewCourseUtil.js","statementMap":{"0":{"start":{"line":1,"column":11},"end":{"line":1,"column":33}},"1":{"start":{"line":2,"column":19},"end":{"line":2,"column":46}},"2":{"start":{"line":4,"column":16},"end":{"line":4,"column":43}},"3":{"start":{"line":5,"column":22},"end":{"line":5,"column":58}},"4":{"start":{"line":8,"column":4},"end":{"line":33,"column":5}},"5":{"start":{"line":9,"column":22},"end":{"line":9,"column":24}},"6":{"start":{"line":10,"column":8},"end":{"line":25,"column":9}},"7":{"start":{"line":11,"column":25},"end":{"line":11,"column":59}},"8":{"start":{"line":12,"column":12},"end":{"line":12,"column":58}},"9":{"start":{"line":14,"column":12},"end":{"line":24,"column":13}},"10":{"start":{"line":15,"column":16},"end":{"line":20,"column":17}},"11":{"start":{"line":16,"column":41},"end":{"line":16,"column":81}},"12":{"start":{"line":17,"column":20},"end":{"line":17,"column":82}},"13":{"start":{"line":19,"column":20},"end":{"line":19,"column":33}},"14":{"start":{"line":21,"column":16},"end":{"line":21,"column":86}},"15":{"start":{"line":23,"column":16},"end":{"line":23,"column":26}},"16":{"start":{"line":27,"column":8},"end":{"line":27,"column":70}},"17":{"start":{"line":29,"column":8},"end":{"line":29,"column":29}},"18":{"start":{"line":30,"column":8},"end":{"line":32,"column":80}},"19":{"start":{"line":36,"column":0},"end":{"line":36,"column":32}}},"fnMap":{"0":{"name":"getCourses","decl":{"start":{"line":7,"column":15},"end":{"line":7,"column":25}},"loc":{"start":{"line":7,"column":36},"end":{"line":34,"column":1}},"line":7}},"branchMap":{"0":{"loc":{"start":{"line":12,"column":22},"end":{"line":12,"column":57}},"type":"cond-expr","locations":[{"start":{"line":12,"column":36},"end":{"line":12,"column":52}},{"start":{"line":12,"column":55},"end":{"line":12,"column":57}}],"line":12},"1":{"loc":{"start":{"line":14,"column":12},"end":{"line":24,"column":13}},"type":"if","locations":[{"start":{"line":14,"column":12},"end":{"line":24,"column":13}},{"start":{"line":22,"column":19},"end":{"line":24,"column":13}}],"line":14},"2":{"loc":{"start":{"line":17,"column":30},"end":{"line":17,"column":81}},"type":"cond-expr","locations":[{"start":{"line":17,"column":52},"end":{"line":17,"column":76}},{"start":{"line":17,"column":79},"end":{"line":17,"column":81}}],"line":17},"3":{"loc":{"start":{"line":32,"column":45},"end":{"line":32,"column":76}},"type":"binary-expr","locations":[{"start":{"line":32,"column":45},"end":{"line":32,"column":58}},{"start":{"line":32,"column":62},"end":{"line":32,"column":76}}],"line":32}},"s":{"0":1,"1":1,"2":1,"3":1,"4":0,"5":0,"6":0,"7":0,"8":0,"9":0,"10":0,"11":0,"12":0,"13":0,"14":0,"15":0,"16":0,"17":0,"18":0,"19":1},"f":{"0":0},"b":{"0":[0,0],"1":[0,0],"2":[0,0],"3":[0,0]},"_coverageSchema":"1a1c01bbd47fc00a2c39e90264f33305004495a9","hash":"adcf6cf36dcc06a87bfc0ddd050f92954fe1f75a"}
}
